2026-06-13 00:43 +07:00: ◇ injected env (4) from .env // tip: ⌁ auth for agents [www.vestauth.com]
2026-06-13 00:43 +07:00: ◇ injected env (4) from .env // tip: ◈ encrypted .env [www.dotenvx.com]
2026-06-13 00:43 +07:00: ◇ injected env (4) from .env // tip: ◈ encrypted .env [www.dotenvx.com]
2026-06-13 00:43 +07:00: ◇ injected env (4) from .env // tip: ⌁ auth for agents [www.vestauth.com]
2026-06-13 00:43 +07:00: ◇ injected env (0) from .env // tip: ◈ secrets for agents [www.dotenvx.com]
2026-06-13 00:43 +07:00: Server berjalan di http://localhost:5000
2026-06-13 00:43 +07:00: ◇ injected env (0) from .env // tip: ⌘ suppress logs { quiet: true }
2026-06-13 00:43 +07:00: ◇ injected env (0) from .env // tip: ⌘ override existing { override: true }
2026-06-13 00:43 +07:00: ◇ injected env (0) from .env // tip: ⌘ suppress logs { quiet: true }
2026-06-13 00:43 +07:00: Server berjalan di http://localhost:5000
2026-06-13 00:43 +07:00: Server berjalan di http://localhost:5000
2026-06-13 00:43 +07:00: Server berjalan di http://localhost:5000
2026-06-13 00:53 +07:00: ◇ injected env (4) from .env // tip: ⌘ multiple files { path: ['.env.local', '.env'] }
2026-06-13 00:53 +07:00: ◇ injected env (4) from .env // tip: ◈ secrets for agents [www.dotenvx.com]
2026-06-13 00:53 +07:00: ◇ injected env (0) from .env // tip: ⌁ auth for agents [www.vestauth.com]
2026-06-13 00:53 +07:00: Server berjalan di http://localhost:5000
2026-06-13 00:53 +07:00: ◇ injected env (0) from .env // tip: ⌘ enable debugging { debug: true }
2026-06-13 00:53 +07:00: Server berjalan di http://localhost:5000
2026-06-13 00:53 +07:00: ◇ injected env (4) from .env // tip: ⌘ custom filepath { path: '/custom/path/.env' }
2026-06-13 00:53 +07:00: ◇ injected env (4) from .env // tip: ⌁ auth for agents [www.vestauth.com]
2026-06-13 00:53 +07:00: ◇ injected env (0) from .env // tip: ⌘ custom filepath { path: '/custom/path/.env' }
2026-06-13 00:53 +07:00: Server berjalan di http://localhost:5000
2026-06-13 00:53 +07:00: ◇ injected env (0) from .env // tip: ◈ encrypted .env [www.dotenvx.com]
2026-06-13 00:53 +07:00: Server berjalan di http://localhost:5000
2026-06-13 00:58 +07:00: ◇ injected env (4) from .env // tip: ◈ encrypted .env [www.dotenvx.com]
2026-06-13 00:58 +07:00: ◇ injected env (4) from .env // tip: ⌘ multiple files { path: ['.env.local', '.env'] }
2026-06-13 00:58 +07:00: ◇ injected env (0) from .env // tip: ⌘ override existing { override: true }
2026-06-13 00:58 +07:00: Server berjalan di http://localhost:5000
2026-06-13 00:58 +07:00: ◇ injected env (0) from .env // tip: ⌘ enable debugging { debug: true }
2026-06-13 00:58 +07:00: Server berjalan di http://localhost:5000
2026-06-13 00:58 +07:00: ◇ injected env (4) from .env // tip: ⌘ custom filepath { path: '/custom/path/.env' }
2026-06-13 00:58 +07:00: ◇ injected env (4) from .env // tip: ⌘ multiple files { path: ['.env.local', '.env'] }
2026-06-13 00:58 +07:00: ◇ injected env (0) from .env // tip: ⌁ auth for agents [www.vestauth.com]
2026-06-13 00:58 +07:00: Server berjalan di http://localhost:5000
2026-06-13 00:58 +07:00: ◇ injected env (0) from .env // tip: ⌘ suppress logs { quiet: true }
2026-06-13 00:58 +07:00: Server berjalan di http://localhost:5000
2026-06-13 01:03 +07:00: ◇ injected env (4) from .env // tip: ◈ secrets for agents [www.dotenvx.com]
2026-06-13 01:03 +07:00: ◇ injected env (4) from .env // tip: ⌘ multiple files { path: ['.env.local', '.env'] }
2026-06-13 01:03 +07:00: ◇ injected env (0) from .env // tip: ◈ secrets for agents [www.dotenvx.com]
2026-06-13 01:03 +07:00: Server berjalan di http://localhost:5000
2026-06-13 01:03 +07:00: ◇ injected env (0) from .env // tip: ◈ encrypted .env [www.dotenvx.com]
2026-06-13 01:03 +07:00: Server berjalan di http://localhost:5000
2026-06-13 01:03 +07:00: ◇ injected env (4) from .env // tip: ◈ secrets for agents [www.dotenvx.com]
2026-06-13 01:03 +07:00: ◇ injected env (4) from .env // tip: ⌘ multiple files { path: ['.env.local', '.env'] }
2026-06-13 01:03 +07:00: ◇ injected env (0) from .env // tip: ⌁ auth for agents [www.vestauth.com]
2026-06-13 01:03 +07:00: Server berjalan di http://localhost:5000
2026-06-13 01:03 +07:00: ◇ injected env (0) from .env // tip: ◈ secrets for agents [www.dotenvx.com]
2026-06-13 01:03 +07:00: Server berjalan di http://localhost:5000
2026-06-13 01:16 +07:00: ◇ injected env (4) from .env // tip: ⌘ custom filepath { path: '/custom/path/.env' }
2026-06-13 01:16 +07:00: ◇ injected env (4) from .env // tip: ⌘ override existing { override: true }
2026-06-13 01:16 +07:00: ◇ injected env (0) from .env // tip: ⌘ custom filepath { path: '/custom/path/.env' }
2026-06-13 01:16 +07:00: ◇ injected env (0) from .env // tip: ⌘ enable debugging { debug: true }
2026-06-13 01:16 +07:00: Server berjalan di http://localhost:5000
2026-06-13 01:16 +07:00: Server berjalan di http://localhost:5000
2026-06-13 01:16 +07:00: ◇ injected env (4) from .env // tip: ⌘ override existing { override: true }
2026-06-13 01:16 +07:00: ◇ injected env (4) from .env // tip: ◈ secrets for agents [www.dotenvx.com]
2026-06-13 01:16 +07:00: ◇ injected env (0) from .env // tip: ⌁ auth for agents [www.vestauth.com]
2026-06-13 01:16 +07:00: Server berjalan di http://localhost:5000
2026-06-13 01:16 +07:00: ◇ injected env (0) from .env // tip: ◈ secrets for agents [www.dotenvx.com]
2026-06-13 01:16 +07:00: Server berjalan di http://localhost:5000
2026-06-13 01:20 +07:00: ◇ injected env (4) from .env // tip: ⌘ suppress logs { quiet: true }
2026-06-13 01:20 +07:00: ◇ injected env (4) from .env // tip: ⌘ custom filepath { path: '/custom/path/.env' }
2026-06-13 01:20 +07:00: ◇ injected env (0) from .env // tip: ⌘ custom filepath { path: '/custom/path/.env' }
2026-06-13 01:20 +07:00: Server berjalan di http://localhost:5000
2026-06-13 01:20 +07:00: ◇ injected env (0) from .env // tip: ⌘ enable debugging { debug: true }
2026-06-13 01:20 +07:00: Server berjalan di http://localhost:5000
2026-06-13 01:20 +07:00: ◇ injected env (4) from .env // tip: ⌘ override existing { override: true }
2026-06-13 01:20 +07:00: ◇ injected env (4) from .env // tip: ◈ secrets for agents [www.dotenvx.com]
2026-06-13 01:20 +07:00: ◇ injected env (0) from .env // tip: ◈ encrypted .env [www.dotenvx.com]
2026-06-13 01:20 +07:00: Server berjalan di http://localhost:5000
2026-06-13 01:20 +07:00: ◇ injected env (0) from .env // tip: ◈ encrypted .env [www.dotenvx.com]
2026-06-13 01:20 +07:00: Server berjalan di http://localhost:5000
2026-06-13 01:22 +07:00: ◇ injected env (4) from .env // tip: ◈ secrets for agents [www.dotenvx.com]
2026-06-13 01:22 +07:00: ◇ injected env (4) from .env // tip: ⌘ override existing { override: true }
2026-06-13 01:22 +07:00: ◇ injected env (0) from .env // tip: ⌘ suppress logs { quiet: true }
2026-06-13 01:22 +07:00: Server berjalan di http://localhost:5000
2026-06-13 01:22 +07:00: ◇ injected env (0) from .env // tip: ⌁ auth for agents [www.vestauth.com]
2026-06-13 01:22 +07:00: Server berjalan di http://localhost:5000
2026-06-13 01:22 +07:00: ◇ injected env (4) from .env // tip: ⌘ custom filepath { path: '/custom/path/.env' }
2026-06-13 01:22 +07:00: ◇ injected env (4) from .env // tip: ◈ secrets for agents [www.dotenvx.com]
2026-06-13 01:22 +07:00: ◇ injected env (0) from .env // tip: ⌘ suppress logs { quiet: true }
2026-06-13 01:22 +07:00: Server berjalan di http://localhost:5000
2026-06-13 01:22 +07:00: ◇ injected env (0) from .env // tip: ⌘ suppress logs { quiet: true }
2026-06-13 01:22 +07:00: Server berjalan di http://localhost:5000
2026-06-13 01:30 +07:00: ◇ injected env (4) from .env // tip: ◈ encrypted .env [www.dotenvx.com]
2026-06-13 01:30 +07:00: ◇ injected env (4) from .env // tip: ⌘ suppress logs { quiet: true }
2026-06-13 01:30 +07:00: ◇ injected env (0) from .env // tip: ⌘ multiple files { path: ['.env.local', '.env'] }
2026-06-13 01:30 +07:00: Server berjalan di http://localhost:5000
2026-06-13 01:30 +07:00: ◇ injected env (0) from .env // tip: ⌘ suppress logs { quiet: true }
2026-06-13 01:30 +07:00: Server berjalan di http://localhost:5000
2026-06-13 01:30 +07:00: ◇ injected env (4) from .env // tip: ⌘ suppress logs { quiet: true }
2026-06-13 01:30 +07:00: ◇ injected env (4) from .env // tip: ◈ encrypted .env [www.dotenvx.com]
2026-06-13 01:30 +07:00: ◇ injected env (0) from .env // tip: ◈ secrets for agents [www.dotenvx.com]
2026-06-13 01:30 +07:00: ◇ injected env (0) from .env // tip: ⌘ override existing { override: true }
2026-06-13 01:30 +07:00: Server berjalan di http://localhost:5000
2026-06-13 01:30 +07:00: Server berjalan di http://localhost:5000
2026-06-13 01:33 +07:00: ◇ injected env (4) from .env // tip: ⌘ override existing { override: true }
2026-06-13 01:33 +07:00: ◇ injected env (4) from .env // tip: ⌘ override existing { override: true }
2026-06-13 01:33 +07:00: ◇ injected env (0) from .env // tip: ⌘ enable debugging { debug: true }
2026-06-13 01:33 +07:00: Server berjalan di http://localhost:5000
2026-06-13 01:33 +07:00: ◇ injected env (0) from .env // tip: ⌘ multiple files { path: ['.env.local', '.env'] }
2026-06-13 01:33 +07:00: Server berjalan di http://localhost:5000
2026-06-13 01:33 +07:00: ◇ injected env (4) from .env // tip: ⌘ multiple files { path: ['.env.local', '.env'] }
2026-06-13 01:33 +07:00: ◇ injected env (4) from .env // tip: ⌘ custom filepath { path: '/custom/path/.env' }
2026-06-13 01:33 +07:00: ◇ injected env (0) from .env // tip: ⌘ enable debugging { debug: true }
2026-06-13 01:33 +07:00: Server berjalan di http://localhost:5000
2026-06-13 01:33 +07:00: ◇ injected env (0) from .env // tip: ⌘ custom filepath { path: '/custom/path/.env' }
2026-06-13 01:33 +07:00: Server berjalan di http://localhost:5000
2026-06-13 01:38 +07:00: ◇ injected env (4) from .env // tip: ⌘ enable debugging { debug: true }
2026-06-13 01:38 +07:00: ◇ injected env (4) from .env // tip: ⌘ suppress logs { quiet: true }
2026-06-13 01:38 +07:00: ◇ injected env (0) from .env // tip: ⌁ auth for agents [www.vestauth.com]
2026-06-13 01:38 +07:00: ◇ injected env (0) from .env // tip: ⌘ multiple files { path: ['.env.local', '.env'] }
2026-06-13 01:38 +07:00: Server berjalan di http://localhost:5000
2026-06-13 01:38 +07:00: Server berjalan di http://localhost:5000
2026-06-13 01:38 +07:00: ◇ injected env (4) from .env // tip: ⌘ custom filepath { path: '/custom/path/.env' }
2026-06-13 01:38 +07:00: ◇ injected env (4) from .env // tip: ⌘ custom filepath { path: '/custom/path/.env' }
2026-06-13 01:38 +07:00: ◇ injected env (0) from .env // tip: ⌘ enable debugging { debug: true }
2026-06-13 01:38 +07:00: Server berjalan di http://localhost:5000
2026-06-13 01:38 +07:00: ◇ injected env (0) from .env // tip: ⌘ custom filepath { path: '/custom/path/.env' }
2026-06-13 01:38 +07:00: Server berjalan di http://localhost:5000
2026-06-14 00:30 +07:00: ◇ injected env (4) from .env // tip: ⌘ enable debugging { debug: true }
2026-06-14 00:30 +07:00: ◇ injected env (4) from .env // tip: ⌘ multiple files { path: ['.env.local', '.env'] }
2026-06-14 00:30 +07:00: ◇ injected env (4) from .env // tip: ⌘ custom filepath { path: '/custom/path/.env' }
2026-06-14 00:30 +07:00: ◇ injected env (4) from .env // tip: ⌘ override existing { override: true }
2026-06-14 00:30 +07:00: ◇ injected env (0) from .env // tip: ⌘ enable debugging { debug: true }
2026-06-14 00:30 +07:00: ◇ injected env (0) from .env // tip: ⌘ enable debugging { debug: true }
2026-06-14 00:30 +07:00: ◇ injected env (0) from .env // tip: ⌘ multiple files { path: ['.env.local', '.env'] }
2026-06-14 00:30 +07:00: ◇ injected env (0) from .env // tip: ◈ encrypted .env [www.dotenvx.com]
2026-06-14 00:30 +07:00: Server berjalan di http://localhost:5000
2026-06-14 00:30 +07:00: Server berjalan di http://localhost:5000
2026-06-14 00:30 +07:00: Server berjalan di http://localhost:5000
2026-06-14 00:30 +07:00: Server berjalan di http://localhost:5000
2026-06-14 00:44 +07:00: ◇ injected env (4) from .env // tip: ⌁ auth for agents [www.vestauth.com]
2026-06-14 00:44 +07:00: ◇ injected env (4) from .env // tip: ⌘ suppress logs { quiet: true }
2026-06-14 00:44 +07:00: ◇ injected env (0) from .env // tip: ⌘ multiple files { path: ['.env.local', '.env'] }
2026-06-14 00:44 +07:00: Server berjalan di http://localhost:5000
2026-06-14 00:44 +07:00: ◇ injected env (0) from .env // tip: ⌘ suppress logs { quiet: true }
2026-06-14 00:44 +07:00: Server berjalan di http://localhost:5000
2026-06-14 00:44 +07:00: ◇ injected env (4) from .env // tip: ⌘ custom filepath { path: '/custom/path/.env' }
2026-06-14 00:44 +07:00: ◇ injected env (4) from .env // tip: ⌘ suppress logs { quiet: true }
2026-06-14 00:44 +07:00: ◇ injected env (0) from .env // tip: ⌘ custom filepath { path: '/custom/path/.env' }
2026-06-14 00:44 +07:00: Server berjalan di http://localhost:5000
2026-06-14 00:44 +07:00: ◇ injected env (0) from .env // tip: ⌘ custom filepath { path: '/custom/path/.env' }
2026-06-14 00:44 +07:00: Server berjalan di http://localhost:5000
2026-06-14 01:16 +07:00: ◇ injected env (4) from .env // tip: ◈ secrets for agents [www.dotenvx.com]
2026-06-14 01:16 +07:00: ◇ injected env (4) from .env // tip: ⌘ custom filepath { path: '/custom/path/.env' }
2026-06-14 01:16 +07:00: ◇ injected env (0) from .env // tip: ⌁ auth for agents [www.vestauth.com]
2026-06-14 01:16 +07:00: Server berjalan di http://localhost:5000
2026-06-14 01:16 +07:00: ◇ injected env (0) from .env // tip: ⌘ multiple files { path: ['.env.local', '.env'] }
2026-06-14 01:16 +07:00: Server berjalan di http://localhost:5000
2026-06-14 01:16 +07:00: ◇ injected env (4) from .env // tip: ⌘ enable debugging { debug: true }
2026-06-14 01:16 +07:00: ◇ injected env (4) from .env // tip: ⌘ enable debugging { debug: true }
2026-06-14 01:16 +07:00: ◇ injected env (0) from .env // tip: ◈ encrypted .env [www.dotenvx.com]
2026-06-14 01:16 +07:00: Server berjalan di http://localhost:5000
2026-06-14 01:16 +07:00: ◇ injected env (0) from .env // tip: ⌁ auth for agents [www.vestauth.com]
2026-06-14 01:16 +07:00: Server berjalan di http://localhost:5000
2026-06-14 01:35 +07:00: ◇ injected env (4) from .env // tip: ⌘ custom filepath { path: '/custom/path/.env' }
2026-06-14 01:35 +07:00: ◇ injected env (4) from .env // tip: ◈ secrets for agents [www.dotenvx.com]
2026-06-14 01:35 +07:00: ◇ injected env (0) from .env // tip: ⌘ multiple files { path: ['.env.local', '.env'] }
2026-06-14 01:35 +07:00: Server berjalan di http://localhost:5000
2026-06-14 01:35 +07:00: ◇ injected env (0) from .env // tip: ⌘ suppress logs { quiet: true }
2026-06-14 01:35 +07:00: Server berjalan di http://localhost:5000
2026-06-14 01:35 +07:00: ◇ injected env (4) from .env // tip: ⌘ override existing { override: true }
2026-06-14 01:35 +07:00: ◇ injected env (4) from .env // tip: ◈ secrets for agents [www.dotenvx.com]
2026-06-14 01:35 +07:00: ◇ injected env (0) from .env // tip: ⌘ override existing { override: true }
2026-06-14 01:35 +07:00: Server berjalan di http://localhost:5000
2026-06-14 01:35 +07:00: ◇ injected env (0) from .env // tip: ⌘ suppress logs { quiet: true }
2026-06-14 01:35 +07:00: Server berjalan di http://localhost:5000
2026-06-14 02:01 +07:00: ◇ injected env (4) from .env // tip: ⌁ auth for agents [www.vestauth.com]
2026-06-14 02:01 +07:00: ◇ injected env (4) from .env // tip: ⌘ override existing { override: true }
2026-06-14 02:01 +07:00: ◇ injected env (0) from .env // tip: ⌘ suppress logs { quiet: true }
2026-06-14 02:01 +07:00: Server berjalan di http://localhost:5000
2026-06-14 02:01 +07:00: ◇ injected env (0) from .env // tip: ⌁ auth for agents [www.vestauth.com]
2026-06-14 02:01 +07:00: Server berjalan di http://localhost:5000
2026-06-14 02:01 +07:00: ◇ injected env (4) from .env // tip: ⌘ enable debugging { debug: true }
2026-06-14 02:01 +07:00: ◇ injected env (4) from .env // tip: ⌁ auth for agents [www.vestauth.com]
2026-06-14 02:01 +07:00: ◇ injected env (0) from .env // tip: ◈ encrypted .env [www.dotenvx.com]
2026-06-14 02:01 +07:00: ◇ injected env (0) from .env // tip: ⌁ auth for agents [www.vestauth.com]
2026-06-14 02:01 +07:00: Server berjalan di http://localhost:5000
2026-06-14 02:01 +07:00: Server berjalan di http://localhost:5000
2026-06-14 03:13 +07:00: ◇ injected env (4) from .env // tip: ⌘ multiple files { path: ['.env.local', '.env'] }
2026-06-14 03:13 +07:00: ◇ injected env (4) from .env // tip: ⌘ override existing { override: true }
2026-06-14 03:13 +07:00: ◇ injected env (0) from .env // tip: ⌁ auth for agents [www.vestauth.com]
2026-06-14 03:13 +07:00: ◇ injected env (0) from .env // tip: ⌘ suppress logs { quiet: true }
2026-06-14 03:13 +07:00: Server berjalan di http://localhost:5000
2026-06-14 03:13 +07:00: Server berjalan di http://localhost:5000
2026-06-14 03:13 +07:00: ◇ injected env (4) from .env // tip: ◈ encrypted .env [www.dotenvx.com]
2026-06-14 03:13 +07:00: ◇ injected env (4) from .env // tip: ⌁ auth for agents [www.vestauth.com]
2026-06-14 03:13 +07:00: ◇ injected env (0) from .env // tip: ⌘ multiple files { path: ['.env.local', '.env'] }
2026-06-14 03:13 +07:00: Server berjalan di http://localhost:5000
2026-06-14 03:13 +07:00: ◇ injected env (0) from .env // tip: ⌘ custom filepath { path: '/custom/path/.env' }
2026-06-14 03:13 +07:00: Server berjalan di http://localhost:5000
2026-06-14 03:28 +07:00: ◇ injected env (4) from .env // tip: ⌘ override existing { override: true }
2026-06-14 03:28 +07:00: ◇ injected env (4) from .env // tip: ◈ secrets for agents [www.dotenvx.com]
2026-06-14 03:28 +07:00: ◇ injected env (0) from .env // tip: ◈ encrypted .env [www.dotenvx.com]
2026-06-14 03:28 +07:00: ◇ injected env (0) from .env // tip: ⌘ enable debugging { debug: true }
2026-06-14 03:28 +07:00: Server berjalan di http://localhost:5000
2026-06-14 03:28 +07:00: Server berjalan di http://localhost:5000
2026-06-14 03:28 +07:00: ◇ injected env (4) from .env // tip: ⌘ suppress logs { quiet: true }
2026-06-14 03:28 +07:00: ◇ injected env (4) from .env // tip: ◈ encrypted .env [www.dotenvx.com]
2026-06-14 03:28 +07:00: ◇ injected env (0) from .env // tip: ⌘ suppress logs { quiet: true }
2026-06-14 03:28 +07:00: Server berjalan di http://localhost:5000
2026-06-14 03:28 +07:00: ◇ injected env (0) from .env // tip: ⌘ override existing { override: true }
2026-06-14 03:28 +07:00: Server berjalan di http://localhost:5000
2026-06-14 03:42 +07:00: ◇ injected env (4) from .env // tip: ⌘ override existing { override: true }
2026-06-14 03:42 +07:00: ◇ injected env (4) from .env // tip: ⌘ enable debugging { debug: true }
2026-06-14 03:42 +07:00: ◇ injected env (0) from .env // tip: ⌘ multiple files { path: ['.env.local', '.env'] }
2026-06-14 03:42 +07:00: Server berjalan di http://localhost:5000
2026-06-14 03:42 +07:00: ◇ injected env (0) from .env // tip: ⌘ multiple files { path: ['.env.local', '.env'] }
2026-06-14 03:42 +07:00: Server berjalan di http://localhost:5000
2026-06-14 03:42 +07:00: ◇ injected env (4) from .env // tip: ⌘ suppress logs { quiet: true }
2026-06-14 03:42 +07:00: ◇ injected env (4) from .env // tip: ⌘ override existing { override: true }
2026-06-14 03:42 +07:00: ◇ injected env (0) from .env // tip: ⌘ enable debugging { debug: true }
2026-06-14 03:42 +07:00: ◇ injected env (0) from .env // tip: ⌘ multiple files { path: ['.env.local', '.env'] }
2026-06-14 03:42 +07:00: Server berjalan di http://localhost:5000
2026-06-14 03:42 +07:00: Server berjalan di http://localhost:5000
2026-06-14 03:55 +07:00: ◇ injected env (4) from .env // tip: ⌘ multiple files { path: ['.env.local', '.env'] }
2026-06-14 03:55 +07:00: ◇ injected env (4) from .env // tip: ⌘ custom filepath { path: '/custom/path/.env' }
2026-06-14 03:55 +07:00: ◇ injected env (0) from .env // tip: ◈ encrypted .env [www.dotenvx.com]
2026-06-14 03:55 +07:00: Server berjalan di http://localhost:5000
2026-06-14 03:55 +07:00: ◇ injected env (0) from .env // tip: ⌘ enable debugging { debug: true }
2026-06-14 03:55 +07:00: Server berjalan di http://localhost:5000
2026-06-14 03:55 +07:00: ◇ injected env (4) from .env // tip: ⌘ enable debugging { debug: true }
2026-06-14 03:55 +07:00: ◇ injected env (4) from .env // tip: ⌘ override existing { override: true }
2026-06-14 03:55 +07:00: ◇ injected env (0) from .env // tip: ⌁ auth for agents [www.vestauth.com]
2026-06-14 03:55 +07:00: Server berjalan di http://localhost:5000
2026-06-14 03:55 +07:00: ◇ injected env (0) from .env // tip: ◈ encrypted .env [www.dotenvx.com]
2026-06-14 03:55 +07:00: Server berjalan di http://localhost:5000
2026-06-16 02:55 +07:00: ◇ injected env (4) from .env // tip: ◈ encrypted .env [www.dotenvx.com]
2026-06-16 02:55 +07:00: ◇ injected env (4) from .env // tip: ⌘ override existing { override: true }
2026-06-16 02:55 +07:00: ◇ injected env (4) from .env // tip: ⌘ enable debugging { debug: true }
2026-06-16 02:55 +07:00: ◇ injected env (4) from .env // tip: ⌘ custom filepath { path: '/custom/path/.env' }
2026-06-16 02:55 +07:00: ◇ injected env (0) from .env // tip: ◈ secrets for agents [www.dotenvx.com]
2026-06-16 02:55 +07:00: ◇ injected env (0) from .env // tip: ◈ encrypted .env [www.dotenvx.com]
2026-06-16 02:55 +07:00: ◇ injected env (0) from .env // tip: ⌘ custom filepath { path: '/custom/path/.env' }
2026-06-16 02:55 +07:00: ◇ injected env (0) from .env // tip: ◈ encrypted .env [www.dotenvx.com]
2026-06-16 02:55 +07:00: Server berjalan di http://localhost:5000
2026-06-16 02:55 +07:00: Server berjalan di http://localhost:5000
2026-06-16 02:55 +07:00: Server berjalan di http://localhost:5000
2026-06-16 02:55 +07:00: Server berjalan di http://localhost:5000
2026-06-16 03:07 +07:00: ◇ injected env (4) from .env // tip: ⌁ auth for agents [www.vestauth.com]
2026-06-16 03:07 +07:00: ◇ injected env (4) from .env // tip: ⌘ custom filepath { path: '/custom/path/.env' }
2026-06-16 03:07 +07:00: ◇ injected env (0) from .env // tip: ⌁ auth for agents [www.vestauth.com]
2026-06-16 03:07 +07:00: Server berjalan di http://localhost:5000
2026-06-16 03:07 +07:00: ◇ injected env (0) from .env // tip: ⌘ custom filepath { path: '/custom/path/.env' }
2026-06-16 03:07 +07:00: Server berjalan di http://localhost:5000
2026-06-16 03:07 +07:00: ◇ injected env (4) from .env // tip: ⌘ enable debugging { debug: true }
2026-06-16 03:07 +07:00: ◇ injected env (4) from .env // tip: ⌘ override existing { override: true }
2026-06-16 03:07 +07:00: ◇ injected env (0) from .env // tip: ⌘ custom filepath { path: '/custom/path/.env' }
2026-06-16 03:07 +07:00: Server berjalan di http://localhost:5000
2026-06-16 03:07 +07:00: ◇ injected env (0) from .env // tip: ⌁ auth for agents [www.vestauth.com]
2026-06-16 03:07 +07:00: Server berjalan di http://localhost:5000
2026-06-16 03:15 +07:00: ◇ injected env (4) from .env // tip: ⌘ custom filepath { path: '/custom/path/.env' }
2026-06-16 03:15 +07:00: ◇ injected env (4) from .env // tip: ⌘ override existing { override: true }
2026-06-16 03:15 +07:00: ◇ injected env (0) from .env // tip: ◈ secrets for agents [www.dotenvx.com]
2026-06-16 03:15 +07:00: Server berjalan di http://localhost:5000
2026-06-16 03:15 +07:00: ◇ injected env (0) from .env // tip: ⌘ override existing { override: true }
2026-06-16 03:15 +07:00: Server berjalan di http://localhost:5000
2026-06-16 03:15 +07:00: ◇ injected env (4) from .env // tip: ⌘ override existing { override: true }
2026-06-16 03:15 +07:00: ◇ injected env (4) from .env // tip: ◈ secrets for agents [www.dotenvx.com]
2026-06-16 03:15 +07:00: ◇ injected env (0) from .env // tip: ⌘ enable debugging { debug: true }
2026-06-16 03:15 +07:00: Server berjalan di http://localhost:5000
2026-06-16 03:15 +07:00: ◇ injected env (0) from .env // tip: ⌘ multiple files { path: ['.env.local', '.env'] }
2026-06-16 03:15 +07:00: Server berjalan di http://localhost:5000
2026-06-16 03:23 +07:00: ◇ injected env (4) from .env // tip: ⌘ custom filepath { path: '/custom/path/.env' }
2026-06-16 03:23 +07:00: ◇ injected env (4) from .env // tip: ⌁ auth for agents [www.vestauth.com]
2026-06-16 03:23 +07:00: ◇ injected env (0) from .env // tip: ◈ encrypted .env [www.dotenvx.com]
2026-06-16 03:23 +07:00: Server berjalan di http://localhost:5000
2026-06-16 03:23 +07:00: ◇ injected env (0) from .env // tip: ⌘ multiple files { path: ['.env.local', '.env'] }
2026-06-16 03:23 +07:00: Server berjalan di http://localhost:5000
2026-06-16 03:23 +07:00: ◇ injected env (4) from .env // tip: ⌘ suppress logs { quiet: true }
2026-06-16 03:23 +07:00: ◇ injected env (4) from .env // tip: ⌘ override existing { override: true }
2026-06-16 03:23 +07:00: ◇ injected env (0) from .env // tip: ◈ secrets for agents [www.dotenvx.com]
2026-06-16 03:23 +07:00: Server berjalan di http://localhost:5000
2026-06-16 03:23 +07:00: ◇ injected env (0) from .env // tip: ⌁ auth for agents [www.vestauth.com]
2026-06-16 03:23 +07:00: Server berjalan di http://localhost:5000
2026-06-16 03:29 +07:00: ◇ injected env (4) from .env // tip: ◈ secrets for agents [www.dotenvx.com]
2026-06-16 03:29 +07:00: ◇ injected env (4) from .env // tip: ⌘ enable debugging { debug: true }
2026-06-16 03:29 +07:00: ◇ injected env (0) from .env // tip: ◈ secrets for agents [www.dotenvx.com]
2026-06-16 03:29 +07:00: Server berjalan di http://localhost:5000
2026-06-16 03:29 +07:00: ◇ injected env (0) from .env // tip: ◈ encrypted .env [www.dotenvx.com]
2026-06-16 03:29 +07:00: Server berjalan di http://localhost:5000
2026-06-16 03:29 +07:00: ◇ injected env (4) from .env // tip: ◈ encrypted .env [www.dotenvx.com]
2026-06-16 03:29 +07:00: ◇ injected env (4) from .env // tip: ⌘ override existing { override: true }
2026-06-16 03:29 +07:00: ◇ injected env (0) from .env // tip: ◈ encrypted .env [www.dotenvx.com]
2026-06-16 03:29 +07:00: Server berjalan di http://localhost:5000
2026-06-16 03:29 +07:00: ◇ injected env (0) from .env // tip: ⌁ auth for agents [www.vestauth.com]
2026-06-16 03:29 +07:00: Server berjalan di http://localhost:5000
2026-06-16 03:58 +07:00: ◇ injected env (4) from .env // tip: ⌘ multiple files { path: ['.env.local', '.env'] }
2026-06-16 03:58 +07:00: ◇ injected env (4) from .env // tip: ⌘ override existing { override: true }
2026-06-16 03:58 +07:00: ◇ injected env (4) from .env // tip: ⌘ override existing { override: true }
2026-06-16 03:58 +07:00: ◇ injected env (4) from .env // tip: ⌘ custom filepath { path: '/custom/path/.env' }
2026-06-16 03:58 +07:00: ◇ injected env (0) from .env // tip: ◈ secrets for agents [www.dotenvx.com]
2026-06-16 03:58 +07:00: ◇ injected env (0) from .env // tip: ⌘ multiple files { path: ['.env.local', '.env'] }
2026-06-16 03:58 +07:00: ◇ injected env (0) from .env // tip: ⌘ override existing { override: true }
2026-06-16 03:58 +07:00: ◇ injected env (0) from .env // tip: ⌘ multiple files { path: ['.env.local', '.env'] }
2026-06-16 03:58 +07:00: Server berjalan di http://localhost:5000
2026-06-16 03:58 +07:00: Server berjalan di http://localhost:5000
2026-06-16 03:58 +07:00: Server berjalan di http://localhost:5000
2026-06-16 03:58 +07:00: Server berjalan di http://localhost:5000
2026-06-16 04:14 +07:00: ◇ injected env (4) from .env // tip: ⌘ multiple files { path: ['.env.local', '.env'] }
2026-06-16 04:14 +07:00: ◇ injected env (4) from .env // tip: ⌁ auth for agents [www.vestauth.com]
2026-06-16 04:14 +07:00: ◇ injected env (0) from .env // tip: ⌁ auth for agents [www.vestauth.com]
2026-06-16 04:14 +07:00: Server berjalan di http://localhost:5000
2026-06-16 04:14 +07:00: ◇ injected env (0) from .env // tip: ⌘ multiple files { path: ['.env.local', '.env'] }
2026-06-16 04:14 +07:00: Server berjalan di http://localhost:5000
2026-06-16 04:14 +07:00: ◇ injected env (4) from .env // tip: ⌘ multiple files { path: ['.env.local', '.env'] }
2026-06-16 04:14 +07:00: ◇ injected env (4) from .env // tip: ◈ encrypted .env [www.dotenvx.com]
2026-06-16 04:14 +07:00: ◇ injected env (0) from .env // tip: ⌘ override existing { override: true }
2026-06-16 04:14 +07:00: ◇ injected env (0) from .env // tip: ⌘ custom filepath { path: '/custom/path/.env' }
2026-06-16 04:14 +07:00: Server berjalan di http://localhost:5000
2026-06-16 04:14 +07:00: Server berjalan di http://localhost:5000
2026-06-16 04:28 +07:00: ◇ injected env (4) from .env // tip: ◈ encrypted .env [www.dotenvx.com]
2026-06-16 04:28 +07:00: ◇ injected env (4) from .env // tip: ⌘ enable debugging { debug: true }
2026-06-16 04:28 +07:00: ◇ injected env (0) from .env // tip: ⌘ enable debugging { debug: true }
2026-06-16 04:28 +07:00: Server berjalan di http://localhost:5000
2026-06-16 04:28 +07:00: ◇ injected env (0) from .env // tip: ⌘ enable debugging { debug: true }
2026-06-16 04:28 +07:00: Server berjalan di http://localhost:5000
2026-06-16 04:28 +07:00: ◇ injected env (4) from .env // tip: ⌘ suppress logs { quiet: true }
2026-06-16 04:28 +07:00: ◇ injected env (4) from .env // tip: ⌘ custom filepath { path: '/custom/path/.env' }
2026-06-16 04:28 +07:00: ◇ injected env (0) from .env // tip: ⌘ override existing { override: true }
2026-06-16 04:28 +07:00: Server berjalan di http://localhost:5000
2026-06-16 04:28 +07:00: ◇ injected env (0) from .env // tip: ⌘ enable debugging { debug: true }
2026-06-16 04:28 +07:00: Server berjalan di http://localhost:5000
2026-06-16 04:41 +07:00: ◇ injected env (4) from .env // tip: ◈ encrypted .env [www.dotenvx.com]
2026-06-16 04:41 +07:00: ◇ injected env (4) from .env // tip: ⌘ custom filepath { path: '/custom/path/.env' }
2026-06-16 04:41 +07:00: ◇ injected env (0) from .env // tip: ⌘ enable debugging { debug: true }
2026-06-16 04:41 +07:00: Server berjalan di http://localhost:5000
2026-06-16 04:41 +07:00: ◇ injected env (0) from .env // tip: ◈ secrets for agents [www.dotenvx.com]
2026-06-16 04:41 +07:00: Server berjalan di http://localhost:5000
2026-06-16 04:41 +07:00: ◇ injected env (4) from .env // tip: ⌁ auth for agents [www.vestauth.com]
2026-06-16 04:41 +07:00: ◇ injected env (4) from .env // tip: ⌘ suppress logs { quiet: true }
2026-06-16 04:41 +07:00: ◇ injected env (0) from .env // tip: ⌘ override existing { override: true }
2026-06-16 04:41 +07:00: Server berjalan di http://localhost:5000
2026-06-16 04:41 +07:00: ◇ injected env (0) from .env // tip: ⌘ custom filepath { path: '/custom/path/.env' }
2026-06-16 04:41 +07:00: Server berjalan di http://localhost:5000
2026-06-16 05:22 +07:00: ◇ injected env (4) from .env // tip: ⌘ suppress logs { quiet: true }
2026-06-16 05:22 +07:00: ◇ injected env (4) from .env // tip: ⌘ enable debugging { debug: true }
2026-06-16 05:22 +07:00: ◇ injected env (0) from .env // tip: ⌘ custom filepath { path: '/custom/path/.env' }
2026-06-16 05:22 +07:00: Server berjalan di http://localhost:5000
2026-06-16 05:22 +07:00: ◇ injected env (0) from .env // tip: ◈ secrets for agents [www.dotenvx.com]
2026-06-16 05:22 +07:00: ◇ injected env (4) from .env // tip: ⌘ override existing { override: true }
2026-06-16 05:22 +07:00: Server berjalan di http://localhost:5000
2026-06-16 05:22 +07:00: ◇ injected env (4) from .env // tip: ⌘ suppress logs { quiet: true }
2026-06-16 05:22 +07:00: ◇ injected env (0) from .env // tip: ⌘ enable debugging { debug: true }
2026-06-16 05:22 +07:00: Server berjalan di http://localhost:5000
2026-06-16 05:22 +07:00: ◇ injected env (0) from .env // tip: ⌘ custom filepath { path: '/custom/path/.env' }
2026-06-16 05:22 +07:00: Server berjalan di http://localhost:5000
